[2016-03-07 19:32:19] local.ERROR: exception 'ReflectionException' with message 'Class Admin\DomainsController does not exist' in /var/www/redirector/vendor/laravel/framework/src/Illuminate/Container/Container.php:504
Stack trace:
#0 /var/www/redirector/vendor/laravel/framework/src/Illuminate/Container/Container.php(504): ReflectionClass->__construct('Admin\\DomainsCo...')
#1 /var/www/redirector/vendor/laravel/framework/src/Illuminate/Container/Container.php(428): Illuminate\Container\Container->build('Admin\\DomainsCo...', Array)
#2 /var/www/redirector/vendor/laravel/framework/src/Illuminate/Foundation/Application.php(462): Illuminate\Container\Container->make('Admin\\DomainsCo...', Array)
#3 /var/www/redirector/vendor/laravel/framework/src/Illuminate/Routing/ControllerDispatcher.php(78): Illuminate\Foundation\Application->make('Admin\\DomainsCo...')
#4 /var/www/redirector/vendor/laravel/framework/src/Illuminate/Routing/ControllerDispatcher.php(51): Illuminate\Routing\ControllerDispatcher->makeController('Admin\\DomainsCo...')
#5 /var/www/redirector/vendor/laravel/framework/src/Illuminate/Routing/Router.php(962): Illuminate\Routing\ControllerDispatcher->dispatch(Object(Illuminate\Routing\Route), Object(Illuminate\Http\Request), 'Admin\\DomainsCo...', 'index')
#6 [internal function]: Illuminate\Routing\Router->Illuminate\Routing\{closure}()
#7 /var/www/redirector/vendor/laravel/framework/src/Illuminate/Routing/Route.php(109): call_user_func_array(Object(Closure), Array)
#8 /var/www/redirector/vendor/laravel/framework/src/Illuminate/Routing/Router.php(1028): Illuminate\Routing\Route->run(Object(Illuminate\Http\Request))
#9 /var/www/redirector/vendor/laravel/framework/src/Illuminate/Routing/Router.php(996): Illuminate\Routing\Router->dispatchToRoute(Object(Illuminate\Http\Request))
#10 /var/www/redirector/vendor/laravel/framework/src/Illuminate/Foundation/Application.php(775): Illuminate\Routing\Router->dispatch(Object(Illuminate\Http\Request))
#11 /var/www/redirector/vendor/laravel/framework/src/Illuminate/Foundation/Application.php(745): Illuminate\Foundation\Application->dispatch(Object(Illuminate\Http\Request))
#12 /var/www/redirector/vendor/laravel/framework/src/Illuminate/Session/Middleware.php(72): Illuminate\Foundation\Application->handle(Object(Illuminate\Http\Request), 1, true)
#13 /var/www/redirector/vendor/laravel/framework/src/Illuminate/Cookie/Queue.php(47): Illuminate\Session\Middleware->handle(Object(Illuminate\Http\Request), 1, true)
#14 /var/www/redirector/vendor/laravel/framework/src/Illuminate/Cookie/Guard.php(51): Illuminate\Cookie\Queue->handle(Object(Illuminate\Http\Request), 1, true)
#15 /var/www/redirector/vendor/stack/builder/src/Stack/StackedHttpKernel.php(23): Illuminate\Cookie\Guard->handle(Object(Illuminate\Http\Request), 1, true)
#16 /var/www/redirector/vendor/laravel/framework/src/Illuminate/Foundation/Application.php(641): Stack\StackedHttpKernel->handle(Object(Illuminate\Http\Request))
#17 /var/www/redirector/public/index.php(60): Illuminate\Foundation\Application->run()
#18 {main} [] []
[2016-03-07 19:32:53] local.ERROR: exception 'Symfony\Component\Debug\Exception\FatalErrorException' with message 'Class 'NpmWeb\Redirector\Controllers\Admin\View' not found' in /var/www/redirector/app/src/NpmWeb/Redirector/Controllers/Admin/DomainsController.php:11
Stack trace:
#0 [internal function]: Illuminate\Exception\Handler->handleShutdown()
#1 {main} [] []
[2016-03-07 19:33:04] local.ERROR: exception 'InvalidArgumentException' with message 'View [admin.domains.index] not found.' in /var/www/redirector/vendor/laravel/framework/src/Illuminate/View/FileViewFinder.php:146
Stack trace:
#0 /var/www/redirector/vendor/laravel/framework/src/Illuminate/View/FileViewFinder.php(83): Illuminate\View\FileViewFinder->findInPaths('admin.domains.i...', Array)
#1 /var/www/redirector/vendor/laravel/framework/src/Illuminate/View/Factory.php(124): Illuminate\View\FileViewFinder->find('admin.domains.i...')
#2 /var/www/redirector/vendor/laravel/framework/src/Illuminate/Support/Facades/Facade.php(211): Illuminate\View\Factory->make('admin.domains.i...', Array)
#3 /var/www/redirector/app/src/NpmWeb/Redirector/Controllers/Admin/DomainsController.php(11): Illuminate\Support\Facades\Facade::__callStatic('make', Array)
#4 /var/www/redirector/app/src/NpmWeb/Redirector/Controllers/Admin/DomainsController.php(11): Illuminate\Support\Facades\View::make('admin.domains.i...', Array)
#5 [internal function]: NpmWeb\Redirector\Controllers\Admin\DomainsController->index()
#6 /var/www/redirector/vendor/laravel/framework/src/Illuminate/Routing/Controller.php(231): call_user_func_array(Array, Array)
#7 /var/www/redirector/vendor/laravel/framework/src/Illuminate/Routing/ControllerDispatcher.php(93): Illuminate\Routing\Controller->callAction('index', Array)
#8 /var/www/redirector/vendor/laravel/framework/src/Illuminate/Routing/ControllerDispatcher.php(62): Illuminate\Routing\ControllerDispatcher->call(Object(NpmWeb\Redirector\Controllers\Admin\DomainsController), Object(Illuminate\Routing\Route), 'index')
#9 /var/www/redirector/vendor/laravel/framework/src/Illuminate/Routing/Router.php(962): Illuminate\Routing\ControllerDispatcher->dispatch(Object(Illuminate\Routing\Route), Object(Illuminate\Http\Request), 'NpmWeb\\Redirect...', 'index')
#10 [internal function]: Illuminate\Routing\Router->Illuminate\Routing\{closure}()
#11 /var/www/redirector/vendor/laravel/framework/src/Illuminate/Routing/Route.php(109): call_user_func_array(Object(Closure), Array)
#12 /var/www/redirector/vendor/laravel/framework/src/Illuminate/Routing/Router.php(1028): Illuminate\Routing\Route->run(Object(Illuminate\Http\Request))
#13 /var/www/redirector/vendor/laravel/framework/src/Illuminate/Routing/Router.php(996): Illuminate\Routing\Router->dispatchToRoute(Object(Illuminate\Http\Request))
#14 /var/www/redirector/vendor/laravel/framework/src/Illuminate/Foundation/Application.php(775): Illuminate\Routing\Router->dispatch(Object(Illuminate\Http\Request))
#15 /var/www/redirector/vendor/laravel/framework/src/Illuminate/Foundation/Application.php(745): Illuminate\Foundation\Application->dispatch(Object(Illuminate\Http\Request))
#16 /var/www/redirector/vendor/laravel/framework/src/Illuminate/Session/Middleware.php(72): Illuminate\Foundation\Application->handle(Object(Illuminate\Http\Request), 1, true)
#17 /var/www/redirector/vendor/laravel/framework/src/Illuminate/Cookie/Queue.php(47): Illuminate\Session\Middleware->handle(Object(Illuminate\Http\Request), 1, true)
#18 /var/www/redirector/vendor/laravel/framework/src/Illuminate/Cookie/Guard.php(51): Illuminate\Cookie\Queue->handle(Object(Illuminate\Http\Request), 1, true)
#19 /var/www/redirector/vendor/stack/builder/src/Stack/StackedHttpKernel.php(23): Illuminate\Cookie\Guard->handle(Object(Illuminate\Http\Request), 1, true)
#20 /var/www/redirector/vendor/laravel/framework/src/Illuminate/Foundation/Application.php(641): Stack\StackedHttpKernel->handle(Object(Illuminate\Http\Request))
#21 /var/www/redirector/public/index.php(60): Illuminate\Foundation\Application->run()
#22 {main} [] []
[2016-03-07 19:40:06] local.ERROR: exception 'Symfony\Component\Debug\Exception\FatalErrorException' with message 'Class 'NpmWeb\Redirector\Controllers\View' not found' in /var/www/redirector/app/src/NpmWeb/Redirector/Controllers/BaseController.php:18
Stack trace:
#0 [internal function]: Illuminate\Exception\Handler->handleShutdown()
#1 {main} [] []
[2016-03-07 19:41:27] local.ERROR: exception 'Symfony\Component\Debug\Exception\FatalErrorException' with message 'Class 'NpmWeb\Redirector\Controllers\View' not found' in /var/www/redirector/app/src/NpmWeb/Redirector/Controllers/BaseController.php:18
Stack trace:
#0 [internal function]: Illuminate\Exception\Handler->handleShutdown()
#1 {main} [] []
[2016-03-07 19:52:43] local.ERROR: exception 'Symfony\Component\Debug\Exception\FatalErrorException' with message 'Call to undefined method Illuminate\Support\Facades\Form::open()' in /var/www/redirector/vendor/laravel/framework/src/Illuminate/Support/Facades/Facade.php:208
Stack trace:
#0 [internal function]: Illuminate\Exception\Handler->handleShutdown()
#1 {main} [] []
[2016-03-07 19:58:45] backend-local.ERROR: exception 'ErrorException' with message 'file_put_contents(/var/www/redirector/app/controllers/FooController.php): failed to open stream: No such file or directory' in /var/www/redirector/vendor/laravel/framework/src/Illuminate/Filesystem/Filesystem.php:69
Stack trace:
#0 [internal function]: Illuminate\Exception\Handler->handleError(2, 'file_put_conten...', '/var/www/redire...', 69, Array)
#1 /var/www/redirector/vendor/laravel/framework/src/Illuminate/Filesystem/Filesystem.php(69): file_put_contents('/var/www/redire...', '<?php\n\nclass Fo...')
#2 /var/www/redirector/vendor/laravel/framework/src/Illuminate/Routing/Generators/ControllerGenerator.php(76): Illuminate\Filesystem\Filesystem->put('/var/www/redire...', '<?php\n\nclass Fo...')
#3 /var/www/redirector/vendor/laravel/framework/src/Illuminate/Routing/Generators/ControllerGenerator.php(52): Illuminate\Routing\Generators\ControllerGenerator->writeFile('<?php\n\nclass Fo...', 'FooController', '/var/www/redire...')
#4 /var/www/redirector/vendor/laravel/framework/src/Illuminate/Routing/Console/MakeControllerCommand.php(82): Illuminate\Routing\Generators\ControllerGenerator->make('FooController', '/var/www/redire...', Array)
#5 /var/www/redirector/vendor/laravel/framework/src/Illuminate/Routing/Console/MakeControllerCommand.php(60): Illuminate\Routing\Console\MakeControllerCommand->generateController()
#6 /var/www/redirector/vendor/laravel/framework/src/Illuminate/Console/Command.php(112): Illuminate\Routing\Console\MakeControllerCommand->fire()
#7 /var/www/redirector/vendor/symfony/console/Symfony/Component/Console/Command/Command.php(252): Illuminate\Console\Command->execute(Object(Symfony\Component\Console\Input\ArgvInput), Object(Symfony\Component\Console\Output\ConsoleOutput))
#8 /var/www/redirector/vendor/laravel/framework/src/Illuminate/Console/Command.php(100): Symfony\Component\Console\Command\Command->run(Object(Symfony\Component\Console\Input\ArgvInput), Object(Symfony\Component\Console\Output\ConsoleOutput))
#9 /var/www/redirector/vendor/symfony/console/Symfony/Component/Console/Application.php(889): Illuminate\Console\Command->run(Object(Symfony\Component\Console\Input\ArgvInput), Object(Symfony\Component\Console\Output\ConsoleOutput))
#10 /var/www/redirector/vendor/symfony/console/Symfony/Component/Console/Application.php(193): Symfony\Component\Console\Application->doRunCommand(Object(Illuminate\Routing\Console\MakeControllerCommand), Object(Symfony\Component\Console\Input\ArgvInput), Object(Symfony\Component\Console\Output\ConsoleOutput))
#11 /var/www/redirector/vendor/symfony/console/Symfony/Component/Console/Application.php(124): Symfony\Component\Console\Application->doRun(Object(Symfony\Component\Console\Input\ArgvInput), Object(Symfony\Component\Console\Output\ConsoleOutput))
#12 /var/www/redirector/artisan(59): Symfony\Component\Console\Application->run()
#13 {main} [] []
[2016-03-07 20:06:39] local.ERROR: exception 'Symfony\Component\Debug\Exception\FatalErrorException' with message 'Class 'NpmWeb\Redirector\Controllers\Admin\Input' not found' in /var/www/redirector/app/src/NpmWeb/Redirector/Controllers/Admin/DomainsController.php:20
Stack trace:
#0 [internal function]: Illuminate\Exception\Handler->handleShutdown()
#1 {main} [] []
[2016-03-07 20:07:18] local.ERROR: exception 'Symfony\Component\Debug\Exception\FatalErrorException' with message 'Class 'Illuminate\Support\Facade\Input' not found' in /var/www/redirector/app/src/NpmWeb/Redirector/Controllers/Admin/DomainsController.php:21
Stack trace:
#0 [internal function]: Illuminate\Exception\Handler->handleShutdown()
#1 {main} [] []
[2016-03-07 20:07:35] local.ERROR: exception 'Illuminate\Database\Eloquent\MassAssignmentException' with message 'name' in /var/www/redirector/vendor/laravel/framework/src/Illuminate/Database/Eloquent/Model.php:411
Stack trace:
#0 /var/www/redirector/vendor/laravel/framework/src/Illuminate/Database/Eloquent/Model.php(249): Illuminate\Database\Eloquent\Model->fill(Array)
#1 /var/www/redirector/vendor/laravelbook/ardent/src/LaravelBook/Ardent/Ardent.php(204): Illuminate\Database\Eloquent\Model->__construct(Array)
#2 /var/www/redirector/vendor/laravel/framework/src/Illuminate/Database/Eloquent/Model.php(524): LaravelBook\Ardent\Ardent->__construct(Array)
#3 /var/www/redirector/app/src/NpmWeb/Redirector/Controllers/Admin/DomainsController.php(21): Illuminate\Database\Eloquent\Model::create(Array)
#4 [internal function]: NpmWeb\Redirector\Controllers\Admin\DomainsController->store()
#5 /var/www/redirector/vendor/laravel/framework/src/Illuminate/Routing/Controller.php(231): call_user_func_array(Array, Array)
#6 /var/www/redirector/vendor/laravel/framework/src/Illuminate/Routing/ControllerDispatcher.php(93): Illuminate\Routing\Controller->callAction('store', Array)
#7 /var/www/redirector/vendor/laravel/framework/src/Illuminate/Routing/ControllerDispatcher.php(62): Illuminate\Routing\ControllerDispatcher->call(Object(NpmWeb\Redirector\Controllers\Admin\DomainsController), Object(Illuminate\Routing\Route), 'store')
#8 /var/www/redirector/vendor/laravel/framework/src/Illuminate/Routing/Router.php(962): Illuminate\Routing\ControllerDispatcher->dispatch(Object(Illuminate\Routing\Route), Object(Illuminate\Http\Request), 'NpmWeb\\Redirect...', 'store')
#9 [internal function]: Illuminate\Routing\Router->Illuminate\Routing\{closure}()
#10 /var/www/redirector/vendor/laravel/framework/src/Illuminate/Routing/Route.php(109): call_user_func_array(Object(Closure), Array)
#11 /var/www/redirector/vendor/laravel/framework/src/Illuminate/Routing/Router.php(1028): Illuminate\Routing\Route->run(Object(Illuminate\Http\Request))
#12 /var/www/redirector/vendor/laravel/framework/src/Illuminate/Routing/Router.php(996): Illuminate\Routing\Router->dispatchToRoute(Object(Illuminate\Http\Request))
#13 /var/www/redirector/vendor/laravel/framework/src/Illuminate/Foundation/Application.php(775): Illuminate\Routing\Router->dispatch(Object(Illuminate\Http\Request))
#14 /var/www/redirector/vendor/laravel/framework/src/Illuminate/Foundation/Application.php(745): Illuminate\Foundation\Application->dispatch(Object(Illuminate\Http\Request))
#15 /var/www/redirector/vendor/laravel/framework/src/Illuminate/Session/Middleware.php(72): Illuminate\Foundation\Application->handle(Object(Illuminate\Http\Request), 1, true)
#16 /var/www/redirector/vendor/laravel/framework/src/Illuminate/Cookie/Queue.php(47): Illuminate\Session\Middleware->handle(Object(Illuminate\Http\Request), 1, true)
#17 /var/www/redirector/vendor/laravel/framework/src/Illuminate/Cookie/Guard.php(51): Illuminate\Cookie\Queue->handle(Object(Illuminate\Http\Request), 1, true)
#18 /var/www/redirector/vendor/stack/builder/src/Stack/StackedHttpKernel.php(23): Illuminate\Cookie\Guard->handle(Object(Illuminate\Http\Request), 1, true)
#19 /var/www/redirector/vendor/laravel/framework/src/Illuminate/Foundation/Application.php(641): Stack\StackedHttpKernel->handle(Object(Illuminate\Http\Request))
#20 /var/www/redirector/public/index.php(60): Illuminate\Foundation\Application->run()
#21 {main} [] []
[2016-03-07 20:10:09] local.ERROR: exception 'Symfony\Component\Debug\Exception\FatalErrorException' with message 'Cannot use isset() on the result of a function call (you can use "null !== func()" instead)' in /var/www/redirector/app/storage/views/110aff3ae85917a0578ae41f4484e7b4:21
Stack trace:
#0 [internal function]: Illuminate\Exception\Handler->handleShutdown()
#1 {main} [] []
[2016-03-07 20:19:25] local.ERROR: exception 'BadMethodCallException' with message 'Method lable does not exist.' in /var/www/redirector/vendor/laravel/framework/src/Illuminate/Support/Traits/MacroableTrait.php:51
Stack trace:
#0 /var/www/redirector/vendor/laravel/framework/src/Illuminate/Support/Traits/MacroableTrait.php(65): Illuminate\Html\FormBuilder::__callStatic('lable', Array)
#1 /var/www/redirector/vendor/laravel/framework/src/Illuminate/Support/Facades/Facade.php(211): Illuminate\Html\FormBuilder->__call('lable', Array)
#2 /var/www/redirector/vendor/laravel/framework/src/Illuminate/Support/Facades/Facade.php(211): Illuminate\Html\FormBuilder->lable('active', 'Active')
#3 /var/www/redirector/app/storage/views/2795fe5f19526b7107a4d83604e4c577(24): Illuminate\Support\Facades\Facade::__callStatic('lable', Array)
#4 /var/www/redirector/app/storage/views/2795fe5f19526b7107a4d83604e4c577(24): Illuminate\Support\Facades\Form::lable('active', 'Active')
#5 /var/www/redirector/vendor/laravel/framework/src/Illuminate/View/Engines/PhpEngine.php(37): include('/var/www/redire...')
#6 /var/www/redirector/vendor/laravel/framework/src/Illuminate/View/Engines/CompilerEngine.php(56): Illuminate\View\Engines\PhpEngine->evaluatePath('/var/www/redire...', Array)
#7 /var/www/redirector/vendor/laravel/framework/src/Illuminate/View/View.php(134): Illuminate\View\Engines\CompilerEngine->get('/var/www/redire...', Array)
#8 /var/www/redirector/vendor/laravel/framework/src/Illuminate/View/View.php(102): Illuminate\View\View->getContents()
#9 /var/www/redirector/vendor/laravel/framework/src/Illuminate/View/View.php(76): Illuminate\View\View->renderContents()
#10 /var/www/redirector/vendor/laravel/framework/src/Illuminate/Http/Response.php(43): Illuminate\View\View->render()
#11 /var/www/redirector/vendor/symfony/http-foundation/Symfony/Component/HttpFoundation/Response.php(202): Illuminate\Http\Response->setContent(Object(Illuminate\View\View))
#12 /var/www/redirector/vendor/laravel/framework/src/Illuminate/Routing/Router.php(1496): Symfony\Component\HttpFoundation\Response->__construct(Object(Illuminate\View\View))
#13 /var/www/redirector/vendor/laravel/framework/src/Illuminate/Routing/Router.php(1031): Illuminate\Routing\Router->prepareResponse(Object(Illuminate\Http\Request), Object(Illuminate\View\View))
#14 /var/www/redirector/vendor/laravel/framework/src/Illuminate/Routing/Router.php(996): Illuminate\Routing\Router->dispatchToRoute(Object(Illuminate\Http\Request))
#15 /var/www/redirector/vendor/laravel/framework/src/Illuminate/Foundation/Application.php(775): Illuminate\Routing\Router->dispatch(Object(Illuminate\Http\Request))
#16 /var/www/redirector/vendor/laravel/framework/src/Illuminate/Foundation/Application.php(745): Illuminate\Foundation\Application->dispatch(Object(Illuminate\Http\Request))
#17 /var/www/redirector/vendor/laravel/framework/src/Illuminate/Session/Middleware.php(72): Illuminate\Foundation\Application->handle(Object(Illuminate\Http\Request), 1, true)
#18 /var/www/redirector/vendor/laravel/framework/src/Illuminate/Cookie/Queue.php(47): Illuminate\Session\Middleware->handle(Object(Illuminate\Http\Request), 1, true)
#19 /var/www/redirector/vendor/laravel/framework/src/Illuminate/Cookie/Guard.php(51): Illuminate\Cookie\Queue->handle(Object(Illuminate\Http\Request), 1, true)
#20 /var/www/redirector/vendor/stack/builder/src/Stack/StackedHttpKernel.php(23): Illuminate\Cookie\Guard->handle(Object(Illuminate\Http\Request), 1, true)
#21 /var/www/redirector/vendor/laravel/framework/src/Illuminate/Foundation/Application.php(641): Stack\StackedHttpKernel->handle(Object(Illuminate\Http\Request))
#22 /var/www/redirector/public/index.php(60): Illuminate\Foundation\Application->run()
#23 {main}

Next exception 'ErrorException' with message 'Method lable does not exist. (View: /var/www/redirector/app/views/admin/domains/edit.blade.php)' in /var/www/redirector/vendor/laravel/framework/src/Illuminate/Support/Traits/MacroableTrait.php:51
Stack trace:
#0 /var/www/redirector/vendor/laravel/framework/src/Illuminate/View/Engines/PhpEngine.php(41): Illuminate\View\Engines\CompilerEngine->handleViewException(Object(BadMethodCallException), 1)
#1 /var/www/redirector/vendor/laravel/framework/src/Illuminate/View/Engines/CompilerEngine.php(56): Illuminate\View\Engines\PhpEngine->evaluatePath('/var/www/redire...', Array)
#2 /var/www/redirector/vendor/laravel/framework/src/Illuminate/View/View.php(134): Illuminate\View\Engines\CompilerEngine->get('/var/www/redire...', Array)
#3 /var/www/redirector/vendor/laravel/framework/src/Illuminate/View/View.php(102): Illuminate\View\View->getContents()
#4 /var/www/redirector/vendor/laravel/framework/src/Illuminate/View/View.php(76): Illuminate\View\View->renderContents()
#5 /var/www/redirector/vendor/laravel/framework/src/Illuminate/Http/Response.php(43): Illuminate\View\View->render()
#6 /var/www/redirector/vendor/symfony/http-foundation/Symfony/Component/HttpFoundation/Response.php(202): Illuminate\Http\Response->setContent(Object(Illuminate\View\View))
#7 /var/www/redirector/vendor/laravel/framework/src/Illuminate/Routing/Router.php(1496): Symfony\Component\HttpFoundation\Response->__construct(Object(Illuminate\View\View))
#8 /var/www/redirector/vendor/laravel/framework/src/Illuminate/Routing/Router.php(1031): Illuminate\Routing\Router->prepareResponse(Object(Illuminate\Http\Request), Object(Illuminate\View\View))
#9 /var/www/redirector/vendor/laravel/framework/src/Illuminate/Routing/Router.php(996): Illuminate\Routing\Router->dispatchToRoute(Object(Illuminate\Http\Request))
#10 /var/www/redirector/vendor/laravel/framework/src/Illuminate/Foundation/Application.php(775): Illuminate\Routing\Router->dispatch(Object(Illuminate\Http\Request))
#11 /var/www/redirector/vendor/laravel/framework/src/Illuminate/Foundation/Application.php(745): Illuminate\Foundation\Application->dispatch(Object(Illuminate\Http\Request))
#12 /var/www/redirector/vendor/laravel/framework/src/Illuminate/Session/Middleware.php(72): Illuminate\Foundation\Application->handle(Object(Illuminate\Http\Request), 1, true)
#13 /var/www/redirector/vendor/laravel/framework/src/Illuminate/Cookie/Queue.php(47): Illuminate\Session\Middleware->handle(Object(Illuminate\Http\Request), 1, true)
#14 /var/www/redirector/vendor/laravel/framework/src/Illuminate/Cookie/Guard.php(51): Illuminate\Cookie\Queue->handle(Object(Illuminate\Http\Request), 1, true)
#15 /var/www/redirector/vendor/stack/builder/src/Stack/StackedHttpKernel.php(23): Illuminate\Cookie\Guard->handle(Object(Illuminate\Http\Request), 1, true)
#16 /var/www/redirector/vendor/laravel/framework/src/Illuminate/Foundation/Application.php(641): Stack\StackedHttpKernel->handle(Object(Illuminate\Http\Request))
#17 /var/www/redirector/public/index.php(60): Illuminate\Foundation\Application->run()
#18 {main} [] []
[2016-03-07 20:25:20] local.ERROR: exception 'ErrorException' with message 'Non-static method Illuminate\Database\Eloquent\Model::update() should not be called statically, assuming $this from incompatible context' in /var/www/redirector/app/src/NpmWeb/Redirector/Controllers/Admin/DomainsController.php:38
Stack trace:
#0 /var/www/redirector/app/src/NpmWeb/Redirector/Controllers/Admin/DomainsController.php(38): Illuminate\Exception\Handler->handleError(8192, 'Non-static meth...', '/var/www/redire...', 38, Array)
#1 [internal function]: NpmWeb\Redirector\Controllers\Admin\DomainsController->update('106')
#2 /var/www/redirector/vendor/laravel/framework/src/Illuminate/Routing/Controller.php(231): call_user_func_array(Array, Array)
#3 /var/www/redirector/vendor/laravel/framework/src/Illuminate/Routing/ControllerDispatcher.php(93): Illuminate\Routing\Controller->callAction('update', Array)
#4 /var/www/redirector/vendor/laravel/framework/src/Illuminate/Routing/ControllerDispatcher.php(62): Illuminate\Routing\ControllerDispatcher->call(Object(NpmWeb\Redirector\Controllers\Admin\DomainsController), Object(Illuminate\Routing\Route), 'update')
#5 /var/www/redirector/vendor/laravel/framework/src/Illuminate/Routing/Router.php(962): Illuminate\Routing\ControllerDispatcher->dispatch(Object(Illuminate\Routing\Route), Object(Illuminate\Http\Request), 'NpmWeb\\Redirect...', 'update')
#6 [internal function]: Illuminate\Routing\Router->Illuminate\Routing\{closure}('106')
#7 /var/www/redirector/vendor/laravel/framework/src/Illuminate/Routing/Route.php(109): call_user_func_array(Object(Closure), Array)
#8 /var/www/redirector/vendor/laravel/framework/src/Illuminate/Routing/Router.php(1028): Illuminate\Routing\Route->run(Object(Illuminate\Http\Request))
#9 /var/www/redirector/vendor/laravel/framework/src/Illuminate/Routing/Router.php(996): Illuminate\Routing\Router->dispatchToRoute(Object(Illuminate\Http\Request))
#10 /var/www/redirector/vendor/laravel/framework/src/Illuminate/Foundation/Application.php(775): Illuminate\Routing\Router->dispatch(Object(Illuminate\Http\Request))
#11 /var/www/redirector/vendor/laravel/framework/src/Illuminate/Foundation/Application.php(745): Illuminate\Foundation\Application->dispatch(Object(Illuminate\Http\Request))
#12 /var/www/redirector/vendor/laravel/framework/src/Illuminate/Session/Middleware.php(72): Illuminate\Foundation\Application->handle(Object(Illuminate\Http\Request), 1, true)
#13 /var/www/redirector/vendor/laravel/framework/src/Illuminate/Cookie/Queue.php(47): Illuminate\Session\Middleware->handle(Object(Illuminate\Http\Request), 1, true)
#14 /var/www/redirector/vendor/laravel/framework/src/Illuminate/Cookie/Guard.php(51): Illuminate\Cookie\Queue->handle(Object(Illuminate\Http\Request), 1, true)
#15 /var/www/redirector/vendor/stack/builder/src/Stack/StackedHttpKernel.php(23): Illuminate\Cookie\Guard->handle(Object(Illuminate\Http\Request), 1, true)
#16 /var/www/redirector/vendor/laravel/framework/src/Illuminate/Foundation/Application.php(641): Stack\StackedHttpKernel->handle(Object(Illuminate\Http\Request))
#17 /var/www/redirector/public/index.php(60): Illuminate\Foundation\Application->run()
#18 {main} [] []
[2016-03-07 20:27:15] backend-local.ERROR: exception 'InvalidArgumentException' with message 'There are no commands defined in the "model" namespace.' in /var/www/redirector/vendor/symfony/console/Symfony/Component/Console/Application.php:516
Stack trace:
#0 /var/www/redirector/vendor/symfony/console/Symfony/Component/Console/Application.php(550): Symfony\Component\Console\Application->findNamespace('model')
#1 /var/www/redirector/vendor/symfony/console/Symfony/Component/Console/Application.php(190): Symfony\Component\Console\Application->find('model:make')
#2 /var/www/redirector/vendor/symfony/console/Symfony/Component/Console/Application.php(124): Symfony\Component\Console\Application->doRun(Object(Symfony\Component\Console\Input\ArgvInput), Object(Symfony\Component\Console\Output\ConsoleOutput))
#3 /var/www/redirector/artisan(59): Symfony\Component\Console\Application->run()
#4 {main} [] []
[2016-03-07 20:28:27] local.ERROR: exception 'Symfony\Component\Debug\Exception\FatalErrorException' with message 'Class 'Illuminate\Database\Eloquent' not found' in /var/www/redirector/app/src/NpmWeb/Redirector/Models/Domain.php:8
Stack trace:
#0 [internal function]: Illuminate\Exception\Handler->handleShutdown()
#1 {main} [] []
[2016-03-07 20:29:23] local.ERROR: exception 'ErrorException' with message 'Non-static method Illuminate\Database\Eloquent\Model::update() should not be called statically, assuming $this from incompatible context' in /var/www/redirector/app/src/NpmWeb/Redirector/Controllers/Admin/DomainsController.php:38
Stack trace:
#0 /var/www/redirector/app/src/NpmWeb/Redirector/Controllers/Admin/DomainsController.php(38): Illuminate\Exception\Handler->handleError(8192, 'Non-static meth...', '/var/www/redire...', 38, Array)
#1 [internal function]: NpmWeb\Redirector\Controllers\Admin\DomainsController->update('106')
#2 /var/www/redirector/vendor/laravel/framework/src/Illuminate/Routing/Controller.php(231): call_user_func_array(Array, Array)
#3 /var/www/redirector/vendor/laravel/framework/src/Illuminate/Routing/ControllerDispatcher.php(93): Illuminate\Routing\Controller->callAction('update', Array)
#4 /var/www/redirector/vendor/laravel/framework/src/Illuminate/Routing/ControllerDispatcher.php(62): Illuminate\Routing\ControllerDispatcher->call(Object(NpmWeb\Redirector\Controllers\Admin\DomainsController), Object(Illuminate\Routing\Route), 'update')
#5 /var/www/redirector/vendor/laravel/framework/src/Illuminate/Routing/Router.php(962): Illuminate\Routing\ControllerDispatcher->dispatch(Object(Illuminate\Routing\Route), Object(Illuminate\Http\Request), 'NpmWeb\\Redirect...', 'update')
#6 [internal function]: Illuminate\Routing\Router->Illuminate\Routing\{closure}('106')
#7 /var/www/redirector/vendor/laravel/framework/src/Illuminate/Routing/Route.php(109): call_user_func_array(Object(Closure), Array)
#8 /var/www/redirector/vendor/laravel/framework/src/Illuminate/Routing/Router.php(1028): Illuminate\Routing\Route->run(Object(Illuminate\Http\Request))
#9 /var/www/redirector/vendor/laravel/framework/src/Illuminate/Routing/Router.php(996): Illuminate\Routing\Router->dispatchToRoute(Object(Illuminate\Http\Request))
#10 /var/www/redirector/vendor/laravel/framework/src/Illuminate/Foundation/Application.php(775): Illuminate\Routing\Router->dispatch(Object(Illuminate\Http\Request))
#11 /var/www/redirector/vendor/laravel/framework/src/Illuminate/Foundation/Application.php(745): Illuminate\Foundation\Application->dispatch(Object(Illuminate\Http\Request))
#12 /var/www/redirector/vendor/laravel/framework/src/Illuminate/Session/Middleware.php(72): Illuminate\Foundation\Application->handle(Object(Illuminate\Http\Request), 1, true)
#13 /var/www/redirector/vendor/laravel/framework/src/Illuminate/Cookie/Queue.php(47): Illuminate\Session\Middleware->handle(Object(Illuminate\Http\Request), 1, true)
#14 /var/www/redirector/vendor/laravel/framework/src/Illuminate/Cookie/Guard.php(51): Illuminate\Cookie\Queue->handle(Object(Illuminate\Http\Request), 1, true)
#15 /var/www/redirector/vendor/stack/builder/src/Stack/StackedHttpKernel.php(23): Illuminate\Cookie\Guard->handle(Object(Illuminate\Http\Request), 1, true)
#16 /var/www/redirector/vendor/laravel/framework/src/Illuminate/Foundation/Application.php(641): Stack\StackedHttpKernel->handle(Object(Illuminate\Http\Request))
#17 /var/www/redirector/public/index.php(60): Illuminate\Foundation\Application->run()
#18 {main} [] []
[2016-03-07 20:53:55] local.ERROR: exception 'ErrorException' with message 'Missing argument 1 for Illuminate\Database\Eloquent\Model::destroy(), called in /var/www/redirector/app/src/NpmWeb/Redirector/Controllers/Admin/DomainsController.php on line 46 and defined' in /var/www/redirector/vendor/laravel/framework/src/Illuminate/Database/Eloquent/Model.php:1056
Stack trace:
#0 /var/www/redirector/vendor/laravel/framework/src/Illuminate/Database/Eloquent/Model.php(1056): Illuminate\Exception\Handler->handleError(2, 'Missing argumen...', '/var/www/redire...', 1056, Array)
#1 /var/www/redirector/app/src/NpmWeb/Redirector/Controllers/Admin/DomainsController.php(46): Illuminate\Database\Eloquent\Model::destroy()
#2 [internal function]: NpmWeb\Redirector\Controllers\Admin\DomainsController->destroy('106')
#3 /var/www/redirector/vendor/laravel/framework/src/Illuminate/Routing/Controller.php(231): call_user_func_array(Array, Array)
#4 /var/www/redirector/vendor/laravel/framework/src/Illuminate/Routing/ControllerDispatcher.php(93): Illuminate\Routing\Controller->callAction('destroy', Array)
#5 /var/www/redirector/vendor/laravel/framework/src/Illuminate/Routing/ControllerDispatcher.php(62): Illuminate\Routing\ControllerDispatcher->call(Object(NpmWeb\Redirector\Controllers\Admin\DomainsController), Object(Illuminate\Routing\Route), 'destroy')
#6 /var/www/redirector/vendor/laravel/framework/src/Illuminate/Routing/Router.php(962): Illuminate\Routing\ControllerDispatcher->dispatch(Object(Illuminate\Routing\Route), Object(Illuminate\Http\Request), 'NpmWeb\\Redirect...', 'destroy')
#7 [internal function]: Illuminate\Routing\Router->Illuminate\Routing\{closure}('106')
#8 /var/www/redirector/vendor/laravel/framework/src/Illuminate/Routing/Route.php(109): call_user_func_array(Object(Closure), Array)
#9 /var/www/redirector/vendor/laravel/framework/src/Illuminate/Routing/Router.php(1028): Illuminate\Routing\Route->run(Object(Illuminate\Http\Request))
#10 /var/www/redirector/vendor/laravel/framework/src/Illuminate/Routing/Router.php(996): Illuminate\Routing\Router->dispatchToRoute(Object(Illuminate\Http\Request))
#11 /var/www/redirector/vendor/laravel/framework/src/Illuminate/Foundation/Application.php(775): Illuminate\Routing\Router->dispatch(Object(Illuminate\Http\Request))
#12 /var/www/redirector/vendor/laravel/framework/src/Illuminate/Foundation/Application.php(745): Illuminate\Foundation\Application->dispatch(Object(Illuminate\Http\Request))
#13 /var/www/redirector/vendor/laravel/framework/src/Illuminate/Session/Middleware.php(72): Illuminate\Foundation\Application->handle(Object(Illuminate\Http\Request), 1, true)
#14 /var/www/redirector/vendor/laravel/framework/src/Illuminate/Cookie/Queue.php(47): Illuminate\Session\Middleware->handle(Object(Illuminate\Http\Request), 1, true)
#15 /var/www/redirector/vendor/laravel/framework/src/Illuminate/Cookie/Guard.php(51): Illuminate\Cookie\Queue->handle(Object(Illuminate\Http\Request), 1, true)
#16 /var/www/redirector/vendor/stack/builder/src/Stack/StackedHttpKernel.php(23): Illuminate\Cookie\Guard->handle(Object(Illuminate\Http\Request), 1, true)
#17 /var/www/redirector/vendor/laravel/framework/src/Illuminate/Foundation/Application.php(641): Stack\StackedHttpKernel->handle(Object(Illuminate\Http\Request))
#18 /var/www/redirector/public/index.php(60): Illuminate\Foundation\Application->run()
#19 {main} [] []
